+0.000000000e+00	=  0.             	(FIX 0)
+0.000000000e+00	=  0.0            	(FIX 1)
+0.000000000e+00	=  0.00           	(FIX 2)
+0.000000000e+00	=  0.000          	(FIX 3)
+0.000000000e+00	=  0.0000         	(FIX 4)
+0.000000000e+00	=  0.00000        	(FIX 5)
+0.000000000e+00	=  0.000000       	(FIX 6)
+0.000000000e+00	=  0.0000000      	(FIX 7)
+0.000000000e+00	=  0.00000000     	(FIX 8)
+0.000000000e+00	=  0.000000000    	(FIX 9)
+0.000000000e+00	=  0.       00    	(SCI 0)
+0.000000000e+00	=  0.0      00    	(SCI 1)
+0.000000000e+00	=  0.00     00    	(SCI 2)
+0.000000000e+00	=  0.000    00    	(SCI 3)
+0.000000000e+00	=  0.0000   00    	(SCI 4)
+0.000000000e+00	=  0.00000  00    	(SCI 5)
+0.000000000e+00	=  0.000000 00    	(SCI 6)
+0.000000000e+00	=  0.000000 00    	(SCI 7)
+0.000000000e+00	=  0.000000 00    	(SCI 8)
+0.000000000e+00	=  0.000000 00    	(SCI 9)
+0.000000000e+00	=  0.       00    	(ENG 0)
+0.000000000e+00	=  0.0      00    	(ENG 1)
+0.000000000e+00	=  0.00     00    	(ENG 2)
+0.000000000e+00	=  0.000    00    	(ENG 3)
+0.000000000e+00	=  0.0000   00    	(ENG 4)
+0.000000000e+00	=  0.00000  00    	(ENG 5)
+0.000000000e+00	=  0.000000 00    	(ENG 6)
+0.000000000e+00	=  0.000000 00    	(ENG 7)
+0.000000000e+00	=  0.000000 00    	(ENG 8)
+0.000000000e+00	=  0.000000 00    	(ENG 9)
+0.000000000e+00	=  0000000000

+1.000000000e+100	=  9.999999 99    	(FIX 0)
+1.000000000e+100	=  9.999999 99    	(FIX 1)
+1.000000000e+100	=  9.999999 99    	(FIX 2)
+1.000000000e+100	=  9.999999 99    	(FIX 3)
+1.000000000e+100	=  9.999999 99    	(FIX 4)
+1.000000000e+100	=  9.999999 99    	(FIX 5)
+1.000000000e+100	=  9.999999 99    	(FIX 6)
+1.000000000e+100	=  9.999999 99    	(FIX 7)
+1.000000000e+100	=  9.999999 99    	(FIX 8)
+1.000000000e+100	=  9.999999 99    	(FIX 9)
+1.000000000e+100	=  9.999999 99    	(SCI 0)
+1.000000000e+100	=  9.999999 99    	(SCI 1)
+1.000000000e+100	=  9.999999 99    	(SCI 2)
+1.000000000e+100	=  9.999999 99    	(SCI 3)
+1.000000000e+100	=  9.999999 99    	(SCI 4)
+1.000000000e+100	=  9.999999 99    	(SCI 5)
+1.000000000e+100	=  9.999999 99    	(SCI 6)
+1.000000000e+100	=  9.999999 99    	(SCI 7)
+1.000000000e+100	=  9.999999 99    	(SCI 8)
+1.000000000e+100	=  9.999999 99    	(SCI 9)
+1.000000000e+100	=  9.999999 99    	(ENG 0)
+1.000000000e+100	=  9.999999 99    	(ENG 1)
+1.000000000e+100	=  9.999999 99    	(ENG 2)
+1.000000000e+100	=  9.999999 99    	(ENG 3)
+1.000000000e+100	=  9.999999 99    	(ENG 4)
+1.000000000e+100	=  9.999999 99    	(ENG 5)
+1.000000000e+100	=  9.999999 99    	(ENG 6)
+1.000000000e+100	=  9.999999 99    	(ENG 7)
+1.000000000e+100	=  9.999999 99    	(ENG 8)
+1.000000000e+100	=  9.999999 99    	(ENG 9)
+1.000000000e+100	=  9999999999

+1.000000000e-100	=  0.             	(FIX 0)
+1.000000000e-100	=  0.0            	(FIX 1)
+1.000000000e-100	=  0.00           	(FIX 2)
+1.000000000e-100	=  0.000          	(FIX 3)
+1.000000000e-100	=  0.0000         	(FIX 4)
+1.000000000e-100	=  0.00000        	(FIX 5)
+1.000000000e-100	=  0.000000       	(FIX 6)
+1.000000000e-100	=  0.0000000      	(FIX 7)
+1.000000000e-100	=  0.00000000     	(FIX 8)
+1.000000000e-100	=  0.000000000    	(FIX 9)
+1.000000000e-100	=  0.       00    	(SCI 0)
+1.000000000e-100	=  0.0      00    	(SCI 1)
+1.000000000e-100	=  0.00     00    	(SCI 2)
+1.000000000e-100	=  0.000    00    	(SCI 3)
+1.000000000e-100	=  0.0000   00    	(SCI 4)
+1.000000000e-100	=  0.00000  00    	(SCI 5)
+1.000000000e-100	=  0.000000 00    	(SCI 6)
+1.000000000e-100	=  0.000000 00    	(SCI 7)
+1.000000000e-100	=  0.000000 00    	(SCI 8)
+1.000000000e-100	=  0.000000 00    	(SCI 9)
+1.000000000e-100	=  0.       00    	(ENG 0)
+1.000000000e-100	=  0.0      00    	(ENG 1)
+1.000000000e-100	=  0.00     00    	(ENG 2)
+1.000000000e-100	=  0.000    00    	(ENG 3)
+1.000000000e-100	=  0.0000   00    	(ENG 4)
+1.000000000e-100	=  0.00000  00    	(ENG 5)
+1.000000000e-100	=  0.000000 00    	(ENG 6)
+1.000000000e-100	=  0.000000 00    	(ENG 7)
+1.000000000e-100	=  0.000000 00    	(ENG 8)
+1.000000000e-100	=  0.000000 00    	(ENG 9)
+1.000000000e-100	=  0000000000

+9.999999999e+01	=  100.           	(FIX 0)
+9.999999999e+01	=  100.0          	(FIX 1)
+9.999999999e+01	=  100.00         	(FIX 2)
+9.999999999e+01	=  100.000        	(FIX 3)
+9.999999999e+01	=  100.0000       	(FIX 4)
+9.999999999e+01	=  100.00000      	(FIX 5)
+9.999999999e+01	=  100.000000     	(FIX 6)
+9.999999999e+01	=  100.0000000    	(FIX 7)
+9.999999999e+01	=  99.99999999    	(FIX 8)
+9.999999999e+01	=  99.99999999    	(FIX 9)
+9.999999999e+01	=  1.       02    	(SCI 0)
+9.999999999e+01	=  1.0      02    	(SCI 1)
+9.999999999e+01	=  1.00     02    	(SCI 2)
+9.999999999e+01	=  1.000    02    	(SCI 3)
+9.999999999e+01	=  1.0000   02    	(SCI 4)
+9.999999999e+01	=  1.00000  02    	(SCI 5)
+9.999999999e+01	=  1.000000 02    	(SCI 6)
+9.999999999e+01	=  1.000000 02    	(SCI 7)
+9.999999999e+01	=  1.000000 02    	(SCI 8)
+9.999999999e+01	=  9.999999 01    	(SCI 9)
+9.999999999e+01	=  100.     00    	(ENG 0)
+9.999999999e+01	=  100.     00    	(ENG 1)
+9.999999999e+01	=  100.     00    	(ENG 2)
+9.999999999e+01	=  100.0    00    	(ENG 3)
+9.999999999e+01	=  100.00   00    	(ENG 4)
+9.999999999e+01	=  100.000  00    	(ENG 5)
+9.999999999e+01	=  100.0000 00    	(ENG 6)
+9.999999999e+01	=  100.0000 00    	(ENG 7)
+9.999999999e+01	=  100.0000 00    	(ENG 8)
+9.999999999e+01	=  99.99999 00    	(ENG 9)
+9.999999999e+01	=  9999999999

+4.599999999e-01	=  5.      -01    	(FIX 0)
+4.599999999e-01	=  0.5            	(FIX 1)
+4.599999999e-01	=  0.46           	(FIX 2)
+4.599999999e-01	=  0.460          	(FIX 3)
+4.599999999e-01	=  0.4600         	(FIX 4)
+4.599999999e-01	=  0.46000        	(FIX 5)
+4.599999999e-01	=  0.460000       	(FIX 6)
+4.599999999e-01	=  0.4600000      	(FIX 7)
+4.599999999e-01	=  0.46000000     	(FIX 8)
+4.599999999e-01	=  0.460000000    	(FIX 9)
+4.599999999e-01	=  5.      -01    	(SCI 0)
+4.599999999e-01	=  4.6     -01    	(SCI 1)
+4.599999999e-01	=  4.60    -01    	(SCI 2)
+4.599999999e-01	=  4.600   -01    	(SCI 3)
+4.599999999e-01	=  4.6000  -01    	(SCI 4)
+4.599999999e-01	=  4.60000 -01    	(SCI 5)
+4.599999999e-01	=  4.600000-01    	(SCI 6)
+4.599999999e-01	=  4.600000-01    	(SCI 7)
+4.599999999e-01	=  4.600000-01    	(SCI 8)
+4.599999999e-01	=  4.599999-01    	(SCI 9)
+4.599999999e-01	=  500.    -03    	(ENG 0)
+4.599999999e-01	=  460.    -03    	(ENG 1)
+4.599999999e-01	=  460.    -03    	(ENG 2)
+4.599999999e-01	=  460.0   -03    	(ENG 3)
+4.599999999e-01	=  460.00  -03    	(ENG 4)
+4.599999999e-01	=  460.000 -03    	(ENG 5)
+4.599999999e-01	=  460.0000-03    	(ENG 6)
+4.599999999e-01	=  460.0000-03    	(ENG 7)
+4.599999999e-01	=  460.0000-03    	(ENG 8)
+4.599999999e-01	=  459.9999-03    	(ENG 9)
+4.599999999e-01	=  4599999999

+2.000000000e-08	=  2.      -08    	(FIX 0)
+2.000000000e-08	=  2.0     -08    	(FIX 1)
+2.000000000e-08	=  2.00    -08    	(FIX 2)
+2.000000000e-08	=  2.000   -08    	(FIX 3)
+2.000000000e-08	=  2.0000  -08    	(FIX 4)
+2.000000000e-08	=  2.00000 -08    	(FIX 5)
+2.000000000e-08	=  2.000000-08    	(FIX 6)
+2.000000000e-08	=  2.000000-08    	(FIX 7)
+2.000000000e-08	=  0.00000002     	(FIX 8)
+2.000000000e-08	=  0.000000020    	(FIX 9)
+2.000000000e-08	=  2.      -08    	(SCI 0)
+2.000000000e-08	=  2.0     -08    	(SCI 1)
+2.000000000e-08	=  2.00    -08    	(SCI 2)
+2.000000000e-08	=  2.000   -08    	(SCI 3)
+2.000000000e-08	=  2.0000  -08    	(SCI 4)
+2.000000000e-08	=  2.00000 -08    	(SCI 5)
+2.000000000e-08	=  2.000000-08    	(SCI 6)
+2.000000000e-08	=  2.000000-08    	(SCI 7)
+2.000000000e-08	=  2.000000-08    	(SCI 8)
+2.000000000e-08	=  2.000000-08    	(SCI 9)
+2.000000000e-08	=  20.     -09    	(ENG 0)
+2.000000000e-08	=  20.     -09    	(ENG 1)
+2.000000000e-08	=  20.0    -09    	(ENG 2)
+2.000000000e-08	=  20.00   -09    	(ENG 3)
+2.000000000e-08	=  20.000  -09    	(ENG 4)
+2.000000000e-08	=  20.0000 -09    	(ENG 5)
+2.000000000e-08	=  20.00000-09    	(ENG 6)
+2.000000000e-08	=  20.00000-09    	(ENG 7)
+2.000000000e-08	=  20.00000-09    	(ENG 8)
+2.000000000e-08	=  20.00000-09    	(ENG 9)
+2.000000000e-08	=  2000000000

-6.666666667e-01	= -1.             	(FIX 0)
-6.666666667e-01	= -0.7            	(FIX 1)
-6.666666667e-01	= -0.67           	(FIX 2)
-6.666666667e-01	= -0.667          	(FIX 3)
-6.666666667e-01	= -0.6667         	(FIX 4)
-6.666666667e-01	= -0.66667        	(FIX 5)
-6.666666667e-01	= -0.666667       	(FIX 6)
-6.666666667e-01	= -0.6666667      	(FIX 7)
-6.666666667e-01	= -0.66666667     	(FIX 8)
-6.666666667e-01	= -0.666666667    	(FIX 9)
-6.666666667e-01	= -7.      -01    	(SCI 0)
-6.666666667e-01	= -6.7     -01    	(SCI 1)
-6.666666667e-01	= -6.67    -01    	(SCI 2)
-6.666666667e-01	= -6.667   -01    	(SCI 3)
-6.666666667e-01	= -6.6667  -01    	(SCI 4)
-6.666666667e-01	= -6.66667 -01    	(SCI 5)
-6.666666667e-01	= -6.666667-01    	(SCI 6)
-6.666666667e-01	= -6.666666-01    	(SCI 7)
-6.666666667e-01	= -6.666666-01    	(SCI 8)
-6.666666667e-01	= -6.666666-01    	(SCI 9)
-6.666666667e-01	= -700.    -03    	(ENG 0)
-6.666666667e-01	= -670.    -03    	(ENG 1)
-6.666666667e-01	= -667.    -03    	(ENG 2)
-6.666666667e-01	= -666.7   -03    	(ENG 3)
-6.666666667e-01	= -666.67  -03    	(ENG 4)
-6.666666667e-01	= -666.667 -03    	(ENG 5)
-6.666666667e-01	= -666.6667-03    	(ENG 6)
-6.666666667e-01	= -666.6666-03    	(ENG 7)
-6.666666667e-01	= -666.6666-03    	(ENG 8)
-6.666666667e-01	= -666.6666-03    	(ENG 9)
-6.666666667e-01	=  6666666667

-6.666666667e-05	= -7.      -05    	(FIX 0)
-6.666666667e-05	= -6.7     -05    	(FIX 1)
-6.666666667e-05	= -6.67    -05    	(FIX 2)
-6.666666667e-05	= -6.667   -05    	(FIX 3)
-6.666666667e-05	= -0.0001         	(FIX 4)
-6.666666667e-05	= -0.00007        	(FIX 5)
-6.666666667e-05	= -0.000067       	(FIX 6)
-6.666666667e-05	= -0.0000667      	(FIX 7)
-6.666666667e-05	= -0.00006667     	(FIX 8)
-6.666666667e-05	= -0.000066667    	(FIX 9)
-6.666666667e-05	= -7.      -05    	(SCI 0)
-6.666666667e-05	= -6.7     -05    	(SCI 1)
-6.666666667e-05	= -6.67    -05    	(SCI 2)
-6.666666667e-05	= -6.667   -05    	(SCI 3)
-6.666666667e-05	= -6.6667  -05    	(SCI 4)
-6.666666667e-05	= -6.66667 -05    	(SCI 5)
-6.666666667e-05	= -6.666667-05    	(SCI 6)
-6.666666667e-05	= -6.666666-05    	(SCI 7)
-6.666666667e-05	= -6.666666-05    	(SCI 8)
-6.666666667e-05	= -6.666666-05    	(SCI 9)
-6.666666667e-05	= -70.     -06    	(ENG 0)
-6.666666667e-05	= -67.     -06    	(ENG 1)
-6.666666667e-05	= -66.7    -06    	(ENG 2)
-6.666666667e-05	= -66.67   -06    	(ENG 3)
-6.666666667e-05	= -66.667  -06    	(ENG 4)
-6.666666667e-05	= -66.6667 -06    	(ENG 5)
-6.666666667e-05	= -66.66667-06    	(ENG 6)
-6.666666667e-05	= -66.66666-06    	(ENG 7)
-6.666666667e-05	= -66.66666-06    	(ENG 8)
-6.666666667e-05	= -66.66666-06    	(ENG 9)
-6.666666667e-05	=  6666666667

+2.000000000e-01	=  2.      -01    	(FIX 0)
+2.000000000e-01	=  0.2            	(FIX 1)
+2.000000000e-01	=  0.20           	(FIX 2)
+2.000000000e-01	=  0.200          	(FIX 3)
+2.000000000e-01	=  0.2000         	(FIX 4)
+2.000000000e-01	=  0.20000        	(FIX 5)
+2.000000000e-01	=  0.200000       	(FIX 6)
+2.000000000e-01	=  0.2000000      	(FIX 7)
+2.000000000e-01	=  0.20000000     	(FIX 8)
+2.000000000e-01	=  0.200000000    	(FIX 9)
+2.000000000e-01	=  2.      -01    	(SCI 0)
+2.000000000e-01	=  2.0     -01    	(SCI 1)
+2.000000000e-01	=  2.00    -01    	(SCI 2)
+2.000000000e-01	=  2.000   -01    	(SCI 3)
+2.000000000e-01	=  2.0000  -01    	(SCI 4)
+2.000000000e-01	=  2.00000 -01    	(SCI 5)
+2.000000000e-01	=  2.000000-01    	(SCI 6)
+2.000000000e-01	=  2.000000-01    	(SCI 7)
+2.000000000e-01	=  2.000000-01    	(SCI 8)
+2.000000000e-01	=  2.000000-01    	(SCI 9)
+2.000000000e-01	=  200.    -03    	(ENG 0)
+2.000000000e-01	=  200.    -03    	(ENG 1)
+2.000000000e-01	=  200.    -03    	(ENG 2)
+2.000000000e-01	=  200.0   -03    	(ENG 3)
+2.000000000e-01	=  200.00  -03    	(ENG 4)
+2.000000000e-01	=  200.000 -03    	(ENG 5)
+2.000000000e-01	=  200.0000-03    	(ENG 6)
+2.000000000e-01	=  200.0000-03    	(ENG 7)
+2.000000000e-01	=  200.0000-03    	(ENG 8)
+2.000000000e-01	=  200.0000-03    	(ENG 9)
+2.000000000e-01	=  2000000000

+2.000000000e-03	=  2.      -03    	(FIX 0)
+2.000000000e-03	=  2.0     -03    	(FIX 1)
+2.000000000e-03	=  2.00    -03    	(FIX 2)
+2.000000000e-03	=  0.002          	(FIX 3)
+2.000000000e-03	=  0.0020         	(FIX 4)
+2.000000000e-03	=  0.00200        	(FIX 5)
+2.000000000e-03	=  0.002000       	(FIX 6)
+2.000000000e-03	=  0.0020000      	(FIX 7)
+2.000000000e-03	=  0.00200000     	(FIX 8)
+2.000000000e-03	=  0.002000000    	(FIX 9)
+2.000000000e-03	=  2.      -03    	(SCI 0)
+2.000000000e-03	=  2.0     -03    	(SCI 1)
+2.000000000e-03	=  2.00    -03    	(SCI 2)
+2.000000000e-03	=  2.000   -03    	(SCI 3)
+2.000000000e-03	=  2.0000  -03    	(SCI 4)
+2.000000000e-03	=  2.00000 -03    	(SCI 5)
+2.000000000e-03	=  2.000000-03    	(SCI 6)
+2.000000000e-03	=  2.000000-03    	(SCI 7)
+2.000000000e-03	=  2.000000-03    	(SCI 8)
+2.000000000e-03	=  2.000000-03    	(SCI 9)
+2.000000000e-03	=  2.      -03    	(ENG 0)
+2.000000000e-03	=  2.0     -03    	(ENG 1)
+2.000000000e-03	=  2.00    -03    	(ENG 2)
+2.000000000e-03	=  2.000   -03    	(ENG 3)
+2.000000000e-03	=  2.0000  -03    	(ENG 4)
+2.000000000e-03	=  2.00000 -03    	(ENG 5)
+2.000000000e-03	=  2.000000-03    	(ENG 6)
+2.000000000e-03	=  2.000000-03    	(ENG 7)
+2.000000000e-03	=  2.000000-03    	(ENG 8)
+2.000000000e-03	=  2.000000-03    	(ENG 9)
+2.000000000e-03	=  2000000000

+1.234567890e+08	=  123456789.     	(FIX 0)
+1.234567890e+08	=  123456789.0    	(FIX 1)
+1.234567890e+08	=  123456789.0    	(FIX 2)
+1.234567890e+08	=  123456789.0    	(FIX 3)
+1.234567890e+08	=  123456789.0    	(FIX 4)
+1.234567890e+08	=  123456789.0    	(FIX 5)
+1.234567890e+08	=  123456789.0    	(FIX 6)
+1.234567890e+08	=  123456789.0    	(FIX 7)
+1.234567890e+08	=  123456789.0    	(FIX 8)
+1.234567890e+08	=  123456789.0    	(FIX 9)
+1.234567890e+08	=  1.       08    	(SCI 0)
+1.234567890e+08	=  1.2      08    	(SCI 1)
+1.234567890e+08	=  1.23     08    	(SCI 2)
+1.234567890e+08	=  1.235    08    	(SCI 3)
+1.234567890e+08	=  1.2346   08    	(SCI 4)
+1.234567890e+08	=  1.23457  08    	(SCI 5)
+1.234567890e+08	=  1.234568 08    	(SCI 6)
+1.234567890e+08	=  1.234567 08    	(SCI 7)
+1.234567890e+08	=  1.234567 08    	(SCI 8)
+1.234567890e+08	=  1.234567 08    	(SCI 9)
+1.234567890e+08	=  100.     06    	(ENG 0)
+1.234567890e+08	=  120.     06    	(ENG 1)
+1.234567890e+08	=  123.     06    	(ENG 2)
+1.234567890e+08	=  123.5    06    	(ENG 3)
+1.234567890e+08	=  123.46   06    	(ENG 4)
+1.234567890e+08	=  123.457  06    	(ENG 5)
+1.234567890e+08	=  123.4568 06    	(ENG 6)
+1.234567890e+08	=  123.4567 06    	(ENG 7)
+1.234567890e+08	=  123.4567 06    	(ENG 8)
+1.234567890e+08	=  123.4567 06    	(ENG 9)
+1.234567890e+08	=  1234567890

-1.200000000e-19	= -1.      -19    	(FIX 0)
-1.200000000e-19	= -1.2     -19    	(FIX 1)
-1.200000000e-19	= -1.20    -19    	(FIX 2)
-1.200000000e-19	= -1.200   -19    	(FIX 3)
-1.200000000e-19	= -1.2000  -19    	(FIX 4)
-1.200000000e-19	= -1.20000 -19    	(FIX 5)
-1.200000000e-19	= -1.200000-19    	(FIX 6)
-1.200000000e-19	= -1.200000-19    	(FIX 7)
-1.200000000e-19	= -1.200000-19    	(FIX 8)
-1.200000000e-19	= -1.200000-19    	(FIX 9)
-1.200000000e-19	= -1.      -19    	(SCI 0)
-1.200000000e-19	= -1.2     -19    	(SCI 1)
-1.200000000e-19	= -1.20    -19    	(SCI 2)
-1.200000000e-19	= -1.200   -19    	(SCI 3)
-1.200000000e-19	= -1.2000  -19    	(SCI 4)
-1.200000000e-19	= -1.20000 -19    	(SCI 5)
-1.200000000e-19	= -1.200000-19    	(SCI 6)
-1.200000000e-19	= -1.200000-19    	(SCI 7)
-1.200000000e-19	= -1.200000-19    	(SCI 8)
-1.200000000e-19	= -1.200000-19    	(SCI 9)
-1.200000000e-19	= -100.    -21    	(ENG 0)
-1.200000000e-19	= -120.    -21    	(ENG 1)
-1.200000000e-19	= -120.    -21    	(ENG 2)
-1.200000000e-19	= -120.0   -21    	(ENG 3)
-1.200000000e-19	= -120.00  -21    	(ENG 4)
-1.200000000e-19	= -120.000 -21    	(ENG 5)
-1.200000000e-19	= -120.0000-21    	(ENG 6)
-1.200000000e-19	= -120.0000-21    	(ENG 7)
-1.200000000e-19	= -120.0000-21    	(ENG 8)
-1.200000000e-19	= -120.0000-21    	(ENG 9)
-1.200000000e-19	=  1200000000

+2.831068713e+04	=  28311.         	(FIX 0)
+2.831068713e+04	=  28310.7        	(FIX 1)
+2.831068713e+04	=  28310.69       	(FIX 2)
+2.831068713e+04	=  28310.687      	(FIX 3)
+2.831068713e+04	=  28310.6871     	(FIX 4)
+2.831068713e+04	=  28310.68713    	(FIX 5)
+2.831068713e+04	=  28310.68713    	(FIX 6)
+2.831068713e+04	=  28310.68713    	(FIX 7)
+2.831068713e+04	=  28310.68713    	(FIX 8)
+2.831068713e+04	=  28310.68713    	(FIX 9)
+2.831068713e+04	=  3.       04    	(SCI 0)
+2.831068713e+04	=  2.8      04    	(SCI 1)
+2.831068713e+04	=  2.83     04    	(SCI 2)
+2.831068713e+04	=  2.831    04    	(SCI 3)
+2.831068713e+04	=  2.8311   04    	(SCI 4)
+2.831068713e+04	=  2.83107  04    	(SCI 5)
+2.831068713e+04	=  2.831069 04    	(SCI 6)
+2.831068713e+04	=  2.831068 04    	(SCI 7)
+2.831068713e+04	=  2.831068 04    	(SCI 8)
+2.831068713e+04	=  2.831068 04    	(SCI 9)
+2.831068713e+04	=  30.      03    	(ENG 0)
+2.831068713e+04	=  28.      03    	(ENG 1)
+2.831068713e+04	=  28.3     03    	(ENG 2)
+2.831068713e+04	=  28.31    03    	(ENG 3)
+2.831068713e+04	=  28.311   03    	(ENG 4)
+2.831068713e+04	=  28.3107  03    	(ENG 5)
+2.831068713e+04	=  28.31069 03    	(ENG 6)
+2.831068713e+04	=  28.31068 03    	(ENG 7)
+2.831068713e+04	=  28.31068 03    	(ENG 8)
+2.831068713e+04	=  28.31068 03    	(ENG 9)
+2.831068713e+04	=  2831068713

+1.500000000e+01	=  15.            	(FIX 0)
+1.500000000e+01	=  15.0           	(FIX 1)
+1.500000000e+01	=  15.00          	(FIX 2)
+1.500000000e+01	=  15.000         	(FIX 3)
+1.500000000e+01	=  15.0000        	(FIX 4)
+1.500000000e+01	=  15.00000       	(FIX 5)
+1.500000000e+01	=  15.000000      	(FIX 6)
+1.500000000e+01	=  15.0000000     	(FIX 7)
+1.500000000e+01	=  15.00000000    	(FIX 8)
+1.500000000e+01	=  15.00000000    	(FIX 9)
+1.500000000e+01	=  2.       01    	(SCI 0)
+1.500000000e+01	=  1.5      01    	(SCI 1)
+1.500000000e+01	=  1.50     01    	(SCI 2)
+1.500000000e+01	=  1.500    01    	(SCI 3)
+1.500000000e+01	=  1.5000   01    	(SCI 4)
+1.500000000e+01	=  1.50000  01    	(SCI 5)
+1.500000000e+01	=  1.500000 01    	(SCI 6)
+1.500000000e+01	=  1.500000 01    	(SCI 7)
+1.500000000e+01	=  1.500000 01    	(SCI 8)
+1.500000000e+01	=  1.500000 01    	(SCI 9)
+1.500000000e+01	=  20.      00    	(ENG 0)
+1.500000000e+01	=  15.      00    	(ENG 1)
+1.500000000e+01	=  15.0     00    	(ENG 2)
+1.500000000e+01	=  15.00    00    	(ENG 3)
+1.500000000e+01	=  15.000   00    	(ENG 4)
+1.500000000e+01	=  15.0000  00    	(ENG 5)
+1.500000000e+01	=  15.00000 00    	(ENG 6)
+1.500000000e+01	=  15.00000 00    	(ENG 7)
+1.500000000e+01	=  15.00000 00    	(ENG 8)
+1.500000000e+01	=  15.00000 00    	(ENG 9)
+1.500000000e+01	=  1500000000

-6.990000000e-02	= -7.      -02    	(FIX 0)
-6.990000000e-02	= -0.1            	(FIX 1)
-6.990000000e-02	= -0.07           	(FIX 2)
-6.990000000e-02	= -0.070          	(FIX 3)
-6.990000000e-02	= -0.0699         	(FIX 4)
-6.990000000e-02	= -0.06990        	(FIX 5)
-6.990000000e-02	= -0.069900       	(FIX 6)
-6.990000000e-02	= -0.0699000      	(FIX 7)
-6.990000000e-02	= -0.06990000     	(FIX 8)
-6.990000000e-02	= -0.069900000    	(FIX 9)
-6.990000000e-02	= -7.      -02    	(SCI 0)
-6.990000000e-02	= -7.0     -02    	(SCI 1)
-6.990000000e-02	= -6.99    -02    	(SCI 2)
-6.990000000e-02	= -6.990   -02    	(SCI 3)
-6.990000000e-02	= -6.9900  -02    	(SCI 4)
-6.990000000e-02	= -6.99000 -02    	(SCI 5)
-6.990000000e-02	= -6.990000-02    	(SCI 6)
-6.990000000e-02	= -6.990000-02    	(SCI 7)
-6.990000000e-02	= -6.990000-02    	(SCI 8)
-6.990000000e-02	= -6.990000-02    	(SCI 9)
-6.990000000e-02	= -70.     -03    	(ENG 0)
-6.990000000e-02	= -70.     -03    	(ENG 1)
-6.990000000e-02	= -69.9    -03    	(ENG 2)
-6.990000000e-02	= -69.90   -03    	(ENG 3)
-6.990000000e-02	= -69.900  -03    	(ENG 4)
-6.990000000e-02	= -69.9000 -03    	(ENG 5)
-6.990000000e-02	= -69.90000-03    	(ENG 6)
-6.990000000e-02	= -69.90000-03    	(ENG 7)
-6.990000000e-02	= -69.90000-03    	(ENG 8)
-6.990000000e-02	= -69.90000-03    	(ENG 9)
-6.990000000e-02	=  6990000000
